# JRE version: Java(TM) SE Runtime Environment (8.0_73-b02) (build 1.8.0_73-b02)
# Java VM: Java HotSpot(TM) 64-Bit Server VM (25.73-b02 mixed mode bsd-amd64 compressed oops)
Heap:
 PSYoungGen      total 47104K, used 821K [0x0000000795580000, 0x0000000799780000, 0x00000007c0000000)
  eden space 27648K, 2% used [0x0000000795580000,0x000000079564d400,0x0000000797080000)
  from space 19456K, 0% used [0x0000000798480000,0x0000000798480000,0x0000000799780000)
  to   space 19968K, 0% used [0x0000000797080000,0x0000000797080000,0x0000000798400000)
 ParOldGen       total 92160K, used 48262K [0x0000000740000000, 0x0000000745a00000, 0x0000000795580000)
  object space 92160K, 52% used [0x0000000740000000,0x0000000742f21a70,0x0000000745a00000)
 Metaspace       used 20921K, capacity 21169K, committed 21552K, reserved 1069056K
  class space    used 2011K, capacity 2080K, committed 2176K, reserved 1048576K
GC Heap History (10 events):
Event: 19.649 GC heap before
{Heap before GC invocations=7 (full 0):
 PSYoungGen      total 45568K, used 43655K [0x0000000795580000, 0x0000000799400000, 0x00000007c0000000)
  eden space 31232K, 99% used [0x0000000795580000,0x00000007973c5220,0x0000000797400000)
  from space 14336K, 88% used [0x0000000798380000,0x0000000798fdccd0,0x0000000799180000)
  to   space 15872K, 0% used [0x0000000797400000,0x0000000797400000,0x0000000798380000)
 ParOldGen       total 87552K, used 20282K [0x0000000740000000, 0x0000000745580000, 0x0000000795580000)
  object space 87552K, 23% used [0x0000000740000000,0x00000007413cebc0,0x0000000745580000)
 Metaspace       used 20791K, capacity 20977K, committed 21120K, reserved 1069056K
  class space    used 2004K, capacity 2080K, committed 2176K, reserved 1048576K
Event: 19.661 GC heap after
Heap after GC invocations=7 (full 0):
 PSYoungGen      total 46592K, used 14400K [0x0000000795580000, 0x0000000799580000, 0x00000007c0000000)
  eden space 30720K, 0% used [0x0000000795580000,0x0000000795580000,0x0000000797380000)
  from space 15872K, 90% used [0x0000000797400000,0x0000000798210380,0x0000000798380000)
  to   space 17408K, 0% used [0x0000000798480000,0x0000000798480000,0x0000000799580000)
 ParOldGen       total 87552K, used 23545K [0x0000000740000000, 0x0000000745580000, 0x0000000795580000)
  object space 87552K, 26% used [0x0000000740000000,0x00000007416fe5d8,0x0000000745580000)
 Metaspace       used 20791K, capacity 20977K, committed 21120K, reserved 1069056K
  class space    used 2004K, capacity 2080K, committed 2176K, reserved 1048576K
}
Event: 20.398 GC heap before
{Heap before GC invocations=8 (full 0):
 PSYoungGen      total 46592K, used 45113K [0x0000000795580000, 0x0000000799580000, 0x00000007c0000000)
  eden space 30720K, 99% used [0x0000000795580000,0x000000079737e220,0x0000000797380000)
  from space 15872K, 90% used [0x0000000797400000,0x0000000798210380,0x0000000798380000)
  to   space 17408K, 0% used [0x0000000798480000,0x0000000798480000,0x0000000799580000)
 ParOldGen       total 87552K, used 23545K [0x0000000740000000, 0x0000000745580000, 0x0000000795580000)
  object space 87552K, 26% used [0x0000000740000000,0x00000007416fe5d8,0x0000000745580000)
 Metaspace       used 20813K, capacity 20977K, committed 21120K, reserved 1069056K
  class space    used 2004K, capacity 2080K, committed 2176K, reserved 1048576K
Event: 20.406 GC heap after
Heap after GC invocations=8 (full 0):
 PSYoungGen      total 46080K, used 17377K [0x0000000795580000, 0x0000000799900000, 0x00000007c0000000)
  eden space 28672K, 0% used [0x0000000795580000,0x0000000795580000,0x0000000797180000)
  from space 17408K, 99% used [0x0000000798480000,0x0000000799578430,0x0000000799580000)
  to   space 19456K, 0% used [0x0000000797180000,0x0000000797180000,0x0000000798480000)
 ParOldGen       total 87552K, used 26665K [0x0000000740000000, 0x0000000745580000, 0x0000000795580000)
  object space 87552K, 30% used [0x0000000740000000,0x0000000741a0a698,0x0000000745580000)
 Metaspace       used 20813K, capacity 20977K, committed 21120K, reserved 1069056K
  class space    used 2004K, capacity 2080K, committed 2176K, reserved 1048576K
}
Event: 21.917 GC heap before
{Heap before GC invocations=9 (full 0):
 PSYoungGen      total 46080K, used 45896K [0x0000000795580000, 0x0000000799900000, 0x00000007c0000000)
  eden space 28672K, 99% used [0x0000000795580000,0x0000000797159e98,0x0000000797180000)
  from space 17408K, 99% used [0x0000000798480000,0x0000000799578430,0x0000000799580000)
  to   space 19456K, 0% used [0x0000000797180000,0x0000000797180000,0x0000000798480000)
 ParOldGen       total 87552K, used 26665K [0x0000000740000000, 0x0000000745580000, 0x0000000795580000)
  object space 87552K, 30% used [0x0000000740000000,0x0000000741a0a698,0x0000000745580000)
 Metaspace       used 20885K, capacity 21041K, committed 21296K, reserved 1069056K
  class space    used 2004K, capacity 2080K, committed 2176K, reserved 1048576K
Event: 21.927 GC heap after
Heap after GC invocations=9 (full 0):
 PSYoungGen      total 47616K, used 14784K [0x0000000795580000, 0x0000000799800000, 0x00000007c0000000)
  eden space 28160K, 0% used [0x0000000795580000,0x0000000795580000,0x0000000797100000)
  from space 19456K, 75% used [0x0000000797180000,0x0000000797ff0390,0x0000000798480000)
  to   space 19968K, 0% used [0x0000000798480000,0x0000000798480000,0x0000000799800000)
 ParOldGen       total 87552K, used 34650K [0x0000000740000000, 0x0000000745580000, 0x0000000795580000)
  object space 87552K, 39% used [0x0000000740000000,0x00000007421d6888,0x0000000745580000)
 Metaspace       used 20885K, capacity 21041K, committed 21296K, reserved 1069056K
  class space    used 2004K, capacity 2080K, committed 2176K, reserved 1048576K
}
Event: 24.908 GC heap before
{Heap before GC invocations=10 (full 0):
 PSYoungGen      total 47616K, used 34559K [0x0000000795580000, 0x0000000799800000, 0x00000007c0000000)
  eden space 28160K, 70% used [0x0000000795580000,0x00000007968cfbf8,0x0000000797100000)
  from space 19456K, 75% used [0x0000000797180000,0x0000000797ff0390,0x0000000798480000)
  to   space 19968K, 0% used [0x0000000798480000,0x0000000798480000,0x0000000799800000)
 ParOldGen       total 87552K, used 34650K [0x0000000740000000, 0x0000000745580000, 0x0000000795580000)
  object space 87552K, 39% used [0x0000000740000000,0x00000007421d6888,0x0000000745580000)
 Metaspace       used 20915K, capacity 21105K, committed 21296K, reserved 1069056K
  class space    used 2008K, capacity 2080K, committed 2176K, reserved 1048576K
Event: 24.918 GC heap after
Heap after GC invocations=10 (full 0):
 PSYoungGen      total 47104K, used 6560K [0x0000000795580000, 0x0000000799780000, 0x00000007c0000000)
  eden space 27648K, 0% used [0x0000000795580000,0x0000000795580000,0x0000000797080000)
  from space 19456K, 33% used [0x0000000798480000,0x0000000798ae8190,0x0000000799780000)
  to   space 19968K, 0% used [0x0000000797080000,0x0000000797080000,0x0000000798400000)
 ParOldGen       total 87552K, used 43682K [0x0000000740000000, 0x0000000745580000, 0x0000000795580000)
  object space 87552K, 49% used [0x0000000740000000,0x0000000742aa8ab8,0x0000000745580000)
 Metaspace       used 20915K, capacity 21105K, committed 21296K, reserved 1069056K
  class space    used 2008K, capacity 2080K, committed 2176K, reserved 1048576K
}
Event: 24.918 GC heap before
{Heap before GC invocations=11 (full 1):
 PSYoungGen      total 47104K, used 6560K [0x0000000795580000, 0x0000000799780000, 0x00000007c0000000)
  eden space 27648K, 0% used [0x0000000795580000,0x0000000795580000,0x0000000797080000)
  from space 19456K, 33% used [0x0000000798480000,0x0000000798ae8190,0x0000000799780000)
  to   space 19968K, 0% used [0x0000000797080000,0x0000000797080000,0x0000000798400000)
 ParOldGen       total 87552K, used 43682K [0x0000000740000000, 0x0000000745580000, 0x0000000795580000)
  object space 87552K, 49% used [0x0000000740000000,0x0000000742aa8ab8,0x0000000745580000)
 Metaspace       used 20915K, capacity 21105K, committed 21296K, reserved 1069056K
  class space    used 2008K, capacity 2080K, committed 2176K, reserved 1048576K
Event: 24.973 GC heap after
Heap after GC invocations=11 (full 1):
 PSYoungGen      total 47104K, used 0K [0x0000000795580000, 0x0000000799780000, 0x00000007c0000000)
  eden space 27648K, 0% used [0x0000000795580000,0x0000000795580000,0x0000000797080000)
  from space 19456K, 0% used [0x0000000798480000,0x0000000798480000,0x0000000799780000)
  to   space 19968K, 0% used [0x0000000797080000,0x0000000797080000,0x0000000798400000)
 ParOldGen       total 92160K, used 48262K [0x0000000740000000, 0x0000000745a00000, 0x0000000795580000)
  object space 92160K, 52% used [0x0000000740000000,0x0000000742f21a70,0x0000000745a00000)
 Metaspace       used 20915K, capacity 21105K, committed 21296K, reserved 1069056K
  class space    used 2008K, capacity 2080K, committed 2176K, reserved 1048576K
}

