# JRE version: Java(TM) SE Runtime Environment (8.0_73-b02) (build 1.8.0_73-b02)
# Java VM: Java HotSpot(TM) 64-Bit Server VM (25.73-b02 mixed mode bsd-amd64 compressed oops)
Heap:
 PSYoungGen      total 684032K, used 147989K [0x0000000795580000, 0x00000007bff80000, 0x00000007c0000000)
  eden space 670208K, 21% used [0x0000000795580000,0x000000079e215600,0x00000007be400000)
  from space 13824K, 29% used [0x00000007be400000,0x00000007be7f00f0,0x00000007bf180000)
  to   space 13312K, 0% used [0x00000007bf280000,0x00000007bf280000,0x00000007bff80000)
 ParOldGen       total 85504K, used 35507K [0x0000000740000000, 0x0000000745380000, 0x0000000795580000)
  object space 85504K, 41% used [0x0000000740000000,0x00000007422acfa0,0x0000000745380000)
 Metaspace       used 21304K, capacity 21569K, committed 21808K, reserved 1069056K
  class space    used 2067K, capacity 2146K, committed 2176K, reserved 1048576K
GC Heap History (10 events):
Event: 10.003 GC heap before
{Heap before GC invocations=12 (full 0):
 PSYoungGen      total 439808K, used 206004K [0x0000000795580000, 0x00000007c0000000, 0x00000007c0000000)
  eden space 425984K, 47% used [0x0000000795580000,0x00000007a1c351b8,0x00000007af580000)
  from space 13824K, 18% used [0x00000007af580000,0x00000007af7f8090,0x00000007b0300000)
  to   space 13824K, 0% used [0x00000007bf280000,0x00000007bf280000,0x00000007c0000000)
 ParOldGen       total 87552K, used 31412K [0x0000000740000000, 0x0000000745580000, 0x0000000795580000)
  object space 87552K, 35% used [0x0000000740000000,0x0000000741ead2a0,0x0000000745580000)
 Metaspace       used 21002K, capacity 21185K, committed 21296K, reserved 1069056K
  class space    used 2059K, capacity 2146K, committed 2176K, reserved 1048576K
Event: 10.007 GC heap after
Heap after GC invocations=12 (full 0):
 PSYoungGen      total 684032K, used 160K [0x0000000795580000, 0x00000007c0000000, 0x00000007c0000000)
  eden space 670208K, 0% used [0x0000000795580000,0x0000000795580000,0x00000007be400000)
  from space 13824K, 1% used [0x00000007bf280000,0x00000007bf2a8000,0x00000007c0000000)
  to   space 14336K, 0% used [0x00000007be400000,0x00000007be400000,0x00000007bf200000)
 ParOldGen       total 87552K, used 33748K [0x0000000740000000, 0x0000000745580000, 0x0000000795580000)
  object space 87552K, 38% used [0x0000000740000000,0x00000007420f5330,0x0000000745580000)
 Metaspace       used 21002K, capacity 21185K, committed 21296K, reserved 1069056K
  class space    used 2059K, capacity 2146K, committed 2176K, reserved 1048576K
}
Event: 10.007 GC heap before
{Heap before GC invocations=13 (full 1):
 PSYoungGen      total 684032K, used 160K [0x0000000795580000, 0x00000007c0000000, 0x00000007c0000000)
  eden space 670208K, 0% used [0x0000000795580000,0x0000000795580000,0x00000007be400000)
  from space 13824K, 1% used [0x00000007bf280000,0x00000007bf2a8000,0x00000007c0000000)
  to   space 14336K, 0% used [0x00000007be400000,0x00000007be400000,0x00000007bf200000)
 ParOldGen       total 87552K, used 33748K [0x0000000740000000, 0x0000000745580000, 0x0000000795580000)
  object space 87552K, 38% used [0x0000000740000000,0x00000007420f5330,0x0000000745580000)
 Metaspace       used 21002K, capacity 21185K, committed 21296K, reserved 1069056K
  class space    used 2059K, capacity 2146K, committed 2176K, reserved 1048576K
Event: 10.078 GC heap after
Heap after GC invocations=13 (full 1):
 PSYoungGen      total 684032K, used 0K [0x0000000795580000, 0x00000007c0000000, 0x00000007c0000000)
  eden space 670208K, 0% used [0x0000000795580000,0x0000000795580000,0x00000007be400000)
  from space 13824K, 0% used [0x00000007bf280000,0x00000007bf280000,0x00000007c0000000)
  to   space 14336K, 0% used [0x00000007be400000,0x00000007be400000,0x00000007bf200000)
 ParOldGen       total 85504K, used 31323K [0x0000000740000000, 0x0000000745380000, 0x0000000795580000)
  object space 85504K, 36% used [0x0000000740000000,0x0000000741e96ea0,0x0000000745380000)
 Metaspace       used 21002K, capacity 21185K, committed 21296K, reserved 1069056K
  class space    used 2059K, capacity 2146K, committed 2176K, reserved 1048576K
}
Event: 12.034 GC heap before
{Heap before GC invocations=14 (full 1):
 PSYoungGen      total 684032K, used 670208K [0x0000000795580000, 0x00000007c0000000, 0x00000007c0000000)
  eden space 670208K, 100% used [0x0000000795580000,0x00000007be400000,0x00000007be400000)
  from space 13824K, 0% used [0x00000007bf280000,0x00000007bf280000,0x00000007c0000000)
  to   space 14336K, 0% used [0x00000007be400000,0x00000007be400000,0x00000007bf200000)
 ParOldGen       total 85504K, used 31323K [0x0000000740000000, 0x0000000745380000, 0x0000000795580000)
  object space 85504K, 36% used [0x0000000740000000,0x0000000741e96ea0,0x0000000745380000)
 Metaspace       used 21066K, capacity 21313K, committed 21552K, reserved 1069056K
  class space    used 2059K, capacity 2146K, committed 2176K, reserved 1048576K
Event: 12.037 GC heap after
Heap after GC invocations=14 (full 1):
 PSYoungGen      total 684544K, used 1760K [0x0000000795580000, 0x00000007c0000000, 0x00000007c0000000)
  eden space 670208K, 0% used [0x0000000795580000,0x0000000795580000,0x00000007be400000)
  from space 14336K, 12% used [0x00000007be400000,0x00000007be5b8060,0x00000007bf200000)
  to   space 14336K, 0% used [0x00000007bf200000,0x00000007bf200000,0x00000007c0000000)
 ParOldGen       total 85504K, used 31331K [0x0000000740000000, 0x0000000745380000, 0x0000000795580000)
  object space 85504K, 36% used [0x0000000740000000,0x0000000741e98ea0,0x0000000745380000)
 Metaspace       used 21066K, capacity 21313K, committed 21552K, reserved 1069056K
  class space    used 2059K, capacity 2146K, committed 2176K, reserved 1048576K
}
Event: 13.839 GC heap before
{Heap before GC invocations=15 (full 1):
 PSYoungGen      total 684544K, used 671968K [0x0000000795580000, 0x00000007c0000000, 0x00000007c0000000)
  eden space 670208K, 100% used [0x0000000795580000,0x00000007be400000,0x00000007be400000)
  from space 14336K, 12% used [0x00000007be400000,0x00000007be5b8060,0x00000007bf200000)
  to   space 14336K, 0% used [0x00000007bf200000,0x00000007bf200000,0x00000007c0000000)
 ParOldGen       total 85504K, used 31331K [0x0000000740000000, 0x0000000745380000, 0x0000000795580000)
  object space 85504K, 36% used [0x0000000740000000,0x0000000741e98ea0,0x0000000745380000)
 Metaspace       used 21090K, capacity 21313K, committed 21552K, reserved 1069056K
  class space    used 2059K, capacity 2146K, committed 2176K, reserved 1048576K
Event: 13.842 GC heap after
Heap after GC invocations=15 (full 1):
 PSYoungGen      total 683520K, used 4064K [0x0000000795580000, 0x00000007bff00000, 0x00000007c0000000)
  eden space 670208K, 0% used [0x0000000795580000,0x0000000795580000,0x00000007be400000)
  from space 13312K, 30% used [0x00000007bf200000,0x00000007bf5f80f0,0x00000007bff00000)
  to   space 13824K, 0% used [0x00000007be400000,0x00000007be400000,0x00000007bf180000)
 ParOldGen       total 85504K, used 32651K [0x0000000740000000, 0x0000000745380000, 0x0000000795580000)
  object space 85504K, 38% used [0x0000000740000000,0x0000000741fe2ef0,0x0000000745380000)
 Metaspace       used 21090K, capacity 21313K, committed 21552K, reserved 1069056K
  class space    used 2059K, capacity 2146K, committed 2176K, reserved 1048576K
}
Event: 15.679 GC heap before
{Heap before GC invocations=16 (full 1):
 PSYoungGen      total 683520K, used 674272K [0x0000000795580000, 0x00000007bff00000, 0x00000007c0000000)
  eden space 670208K, 100% used [0x0000000795580000,0x00000007be400000,0x00000007be400000)
  from space 13312K, 30% used [0x00000007bf200000,0x00000007bf5f80f0,0x00000007bff00000)
  to   space 13824K, 0% used [0x00000007be400000,0x00000007be400000,0x00000007bf180000)
 ParOldGen       total 85504K, used 32651K [0x0000000740000000, 0x0000000745380000, 0x0000000795580000)
  object space 85504K, 38% used [0x0000000740000000,0x0000000741fe2ef0,0x0000000745380000)
 Metaspace       used 21247K, capacity 21441K, committed 21552K, reserved 1069056K
  class space    used 2059K, capacity 2146K, committed 2176K, reserved 1048576K
Event: 15.682 GC heap after
Heap after GC invocations=16 (full 1):
 PSYoungGen      total 684032K, used 4032K [0x0000000795580000, 0x00000007bff80000, 0x00000007c0000000)
  eden space 670208K, 0% used [0x0000000795580000,0x0000000795580000,0x00000007be400000)
  from space 13824K, 29% used [0x00000007be400000,0x00000007be7f00f0,0x00000007bf180000)
  to   space 13312K, 0% used [0x00000007bf280000,0x00000007bf280000,0x00000007bff80000)
 ParOldGen       total 85504K, used 35507K [0x0000000740000000, 0x0000000745380000, 0x0000000795580000)
  object space 85504K, 41% used [0x0000000740000000,0x00000007422acfa0,0x0000000745380000)
 Metaspace       used 21247K, capacity 21441K, committed 21552K, reserved 1069056K
  class space    used 2059K, capacity 2146K, committed 2176K, reserved 1048576K
}

