# JRE version: Java(TM) SE Runtime Environment (8.0_73-b02) (build 1.8.0_73-b02)
# Java VM: Java HotSpot(TM) 64-Bit Server VM (25.73-b02 mixed mode bsd-amd64 compressed oops)
Heap:
 PSYoungGen      total 280576K, used 203103K [0x0000000795580000, 0x00000007a7580000, 0x00000007c0000000)
  eden space 266240K, 75% used [0x0000000795580000,0x00000007a1967bd8,0x00000007a5980000)
  from space 14336K, 17% used [0x00000007a6780000,0x00000007a69f0090,0x00000007a7580000)
  to   space 14336K, 0% used [0x00000007a5980000,0x00000007a5980000,0x00000007a6780000)
 ParOldGen       total 87552K, used 18339K [0x0000000740000000, 0x0000000745580000, 0x0000000795580000)
  object space 87552K, 20% used [0x0000000740000000,0x00000007411e8d98,0x0000000745580000)
 Metaspace       used 20840K, capacity 21051K, committed 21120K, reserved 1069056K
  class space    used 2070K, capacity 2145K, committed 2176K, reserved 1048576K
GC Heap History (10 events):
Event: 4.047 GC heap before
{Heap before GC invocations=4 (full 0):
 PSYoungGen      total 38400K, used 38384K [0x0000000795580000, 0x000000079a080000, 0x00000007c0000000)
  eden space 33280K, 100% used [0x0000000795580000,0x0000000797600000,0x0000000797600000)
  from space 5120K, 99% used [0x0000000797600000,0x0000000797afc150,0x0000000797b00000)
  to   space 5120K, 0% used [0x0000000799b80000,0x0000000799b80000,0x000000079a080000)
 ParOldGen       total 87552K, used 12583K [0x0000000740000000, 0x0000000745580000, 0x0000000795580000)
  object space 87552K, 14% used [0x0000000740000000,0x0000000740c49d30,0x0000000745580000)
 Metaspace       used 20569K, capacity 20725K, committed 20864K, reserved 1069056K
  class space    used 2062K, capacity 2144K, committed 2176K, reserved 1048576K
Event: 4.054 GC heap after
Heap after GC invocations=4 (full 0):
 PSYoungGen      total 71680K, used 5104K [0x0000000795580000, 0x000000079a080000, 0x00000007c0000000)
  eden space 66560K, 0% used [0x0000000795580000,0x0000000795580000,0x0000000799680000)
  from space 5120K, 99% used [0x0000000799b80000,0x000000079a07c130,0x000000079a080000)
  to   space 5120K, 0% used [0x0000000799680000,0x0000000799680000,0x0000000799b80000)
 ParOldGen       total 87552K, used 13759K [0x0000000740000000, 0x0000000745580000, 0x0000000795580000)
  object space 87552K, 15% used [0x0000000740000000,0x0000000740d6fd70,0x0000000745580000)
 Metaspace       used 20569K, capacity 20725K, committed 20864K, reserved 1069056K
  class space    used 2062K, capacity 2144K, committed 2176K, reserved 1048576K
}
Event: 4.330 GC heap before
{Heap before GC invocations=5 (full 0):
 PSYoungGen      total 71680K, used 71664K [0x0000000795580000, 0x000000079a080000, 0x00000007c0000000)
  eden space 66560K, 100% used [0x0000000795580000,0x0000000799680000,0x0000000799680000)
  from space 5120K, 99% used [0x0000000799b80000,0x000000079a07c130,0x000000079a080000)
  to   space 5120K, 0% used [0x0000000799680000,0x0000000799680000,0x0000000799b80000)
 ParOldGen       total 87552K, used 13759K [0x0000000740000000, 0x0000000745580000, 0x0000000795580000)
  object space 87552K, 15% used [0x0000000740000000,0x0000000740d6fd70,0x0000000745580000)
 Metaspace       used 20637K, capacity 20853K, committed 21120K, reserved 1069056K
  class space    used 2062K, capacity 2144K, committed 2176K, reserved 1048576K
Event: 4.339 GC heap after
Heap after GC invocations=5 (full 0):
 PSYoungGen      total 71680K, used 5104K [0x0000000795580000, 0x000000079f380000, 0x00000007c0000000)
  eden space 66560K, 0% used [0x0000000795580000,0x0000000795580000,0x0000000799680000)
  from space 5120K, 99% used [0x0000000799680000,0x0000000799b7c130,0x0000000799b80000)
  to   space 14336K, 0% used [0x000000079e580000,0x000000079e580000,0x000000079f380000)
 ParOldGen       total 87552K, used 15567K [0x0000000740000000, 0x0000000745580000, 0x0000000795580000)
  object space 87552K, 17% used [0x0000000740000000,0x0000000740f33e20,0x0000000745580000)
 Metaspace       used 20637K, capacity 20853K, committed 21120K, reserved 1069056K
  class space    used 2062K, capacity 2144K, committed 2176K, reserved 1048576K
}
Event: 4.565 GC heap before
{Heap before GC invocations=6 (full 0):
 PSYoungGen      total 71680K, used 71664K [0x0000000795580000, 0x000000079f380000, 0x00000007c0000000)
  eden space 66560K, 100% used [0x0000000795580000,0x0000000799680000,0x0000000799680000)
  from space 5120K, 99% used [0x0000000799680000,0x0000000799b7c130,0x0000000799b80000)
  to   space 14336K, 0% used [0x000000079e580000,0x000000079e580000,0x000000079f380000)
 ParOldGen       total 87552K, used 15567K [0x0000000740000000, 0x0000000745580000, 0x0000000795580000)
  object space 87552K, 17% used [0x0000000740000000,0x0000000740f33e20,0x0000000745580000)
 Metaspace       used 20686K, capacity 20923K, committed 21120K, reserved 1069056K
  class space    used 2063K, capacity 2145K, committed 2176K, reserved 1048576K
Event: 4.577 GC heap after
Heap after GC invocations=6 (full 0):
 PSYoungGen      total 147456K, used 5232K [0x0000000795580000, 0x000000079f380000, 0x00000007c0000000)
  eden space 133120K, 0% used [0x0000000795580000,0x0000000795580000,0x000000079d780000)
  from space 14336K, 36% used [0x000000079e580000,0x000000079ea9c110,0x000000079f380000)
  to   space 14336K, 0% used [0x000000079d780000,0x000000079d780000,0x000000079e580000)
 ParOldGen       total 87552K, used 15575K [0x0000000740000000, 0x0000000745580000, 0x0000000795580000)
  object space 87552K, 17% used [0x0000000740000000,0x0000000740f35e20,0x0000000745580000)
 Metaspace       used 20686K, capacity 20923K, committed 21120K, reserved 1069056K
  class space    used 2063K, capacity 2145K, committed 2176K, reserved 1048576K
}
Event: 5.113 GC heap before
{Heap before GC invocations=7 (full 0):
 PSYoungGen      total 147456K, used 138352K [0x0000000795580000, 0x000000079f380000, 0x00000007c0000000)
  eden space 133120K, 100% used [0x0000000795580000,0x000000079d780000,0x000000079d780000)
  from space 14336K, 36% used [0x000000079e580000,0x000000079ea9c110,0x000000079f380000)
  to   space 14336K, 0% used [0x000000079d780000,0x000000079d780000,0x000000079e580000)
 ParOldGen       total 87552K, used 15575K [0x0000000740000000, 0x0000000745580000, 0x0000000795580000)
  object space 87552K, 17% used [0x0000000740000000,0x0000000740f35e20,0x0000000745580000)
 Metaspace       used 20743K, capacity 20923K, committed 21120K, reserved 1069056K
  class space    used 2063K, capacity 2145K, committed 2176K, reserved 1048576K
Event: 5.120 GC heap after
Heap after GC invocations=7 (full 0):
 PSYoungGen      total 147456K, used 3872K [0x0000000795580000, 0x00000007a7580000, 0x00000007c0000000)
  eden space 133120K, 0% used [0x0000000795580000,0x0000000795580000,0x000000079d780000)
  from space 14336K, 27% used [0x000000079d780000,0x000000079db480e0,0x000000079e580000)
  to   space 14336K, 0% used [0x00000007a6780000,0x00000007a6780000,0x00000007a7580000)
 ParOldGen       total 87552K, used 16955K [0x0000000740000000, 0x0000000745580000, 0x0000000795580000)
  object space 87552K, 19% used [0x0000000740000000,0x000000074108ed28,0x0000000745580000)
 Metaspace       used 20743K, capacity 20923K, committed 21120K, reserved 1069056K
  class space    used 2063K, capacity 2145K, committed 2176K, reserved 1048576K
}
Event: 5.541 GC heap before
{Heap before GC invocations=8 (full 0):
 PSYoungGen      total 147456K, used 136992K [0x0000000795580000, 0x00000007a7580000, 0x00000007c0000000)
  eden space 133120K, 100% used [0x0000000795580000,0x000000079d780000,0x000000079d780000)
  from space 14336K, 27% used [0x000000079d780000,0x000000079db480e0,0x000000079e580000)
  to   space 14336K, 0% used [0x00000007a6780000,0x00000007a6780000,0x00000007a7580000)
 ParOldGen       total 87552K, used 16955K [0x0000000740000000, 0x0000000745580000, 0x0000000795580000)
  object space 87552K, 19% used [0x0000000740000000,0x000000074108ed28,0x0000000745580000)
 Metaspace       used 20785K, capacity 20987K, committed 21120K, reserved 1069056K
  class space    used 2063K, capacity 2145K, committed 2176K, reserved 1048576K
Event: 5.543 GC heap after
Heap after GC invocations=8 (full 0):
 PSYoungGen      total 280576K, used 2496K [0x0000000795580000, 0x00000007a7580000, 0x00000007c0000000)
  eden space 266240K, 0% used [0x0000000795580000,0x0000000795580000,0x00000007a5980000)
  from space 14336K, 17% used [0x00000007a6780000,0x00000007a69f0090,0x00000007a7580000)
  to   space 14336K, 0% used [0x00000007a5980000,0x00000007a5980000,0x00000007a6780000)
 ParOldGen       total 87552K, used 18339K [0x0000000740000000, 0x0000000745580000, 0x0000000795580000)
  object space 87552K, 20% used [0x0000000740000000,0x00000007411e8d98,0x0000000745580000)
 Metaspace       used 20785K, capacity 20987K, committed 21120K, reserved 1069056K
  class space    used 2063K, capacity 2145K, committed 2176K, reserved 1048576K
}

