# JRE version: Java(TM) SE Runtime Environment (8.0_73-b02) (build 1.8.0_73-b02)
# Java VM: Java HotSpot(TM) 64-Bit Server VM (25.73-b02 mixed mode bsd-amd64 compressed oops)
Heap:
 PSYoungGen      total 258048K, used 82985K [0x0000000795580000, 0x00000007b0400000, 0x00000007c0000000)
  eden space 243200K, 34% used [0x0000000795580000,0x000000079a672730,0x00000007a4300000)
  from space 14848K, 0% used [0x00000007ae700000,0x00000007ae718000,0x00000007af580000)
  to   space 14848K, 0% used [0x00000007af580000,0x00000007af580000,0x00000007b0400000)
 ParOldGen       total 87552K, used 21878K [0x0000000740000000, 0x0000000745580000, 0x0000000795580000)
  object space 87552K, 24% used [0x0000000740000000,0x000000074155da70,0x0000000745580000)
 Metaspace       used 20985K, capacity 21185K, committed 21296K, reserved 1069056K
  class space    used 2068K, capacity 2146K, committed 2176K, reserved 1048576K
GC Heap History (10 events):
Event: 6.655 GC heap before
{Heap before GC invocations=7 (full 0):
 PSYoungGen      total 146944K, used 138349K [0x0000000795580000, 0x000000079f280000, 0x00000007c0000000)
  eden space 133120K, 100% used [0x0000000795580000,0x000000079d780000,0x000000079d780000)
  from space 13824K, 37% used [0x000000079e500000,0x000000079ea1b450,0x000000079f280000)
  to   space 13824K, 0% used [0x000000079d780000,0x000000079d780000,0x000000079e500000)
 ParOldGen       total 87552K, used 16665K [0x0000000740000000, 0x0000000745580000, 0x0000000795580000)
  object space 87552K, 19% used [0x0000000740000000,0x0000000741046638,0x0000000745580000)
 Metaspace       used 20766K, capacity 20987K, committed 21120K, reserved 1069056K
  class space    used 2060K, capacity 2145K, committed 2176K, reserved 1048576K
Event: 6.661 GC heap after
Heap after GC invocations=7 (full 0):
 PSYoungGen      total 146944K, used 1792K [0x0000000795580000, 0x00000007a7580000, 0x00000007c0000000)
  eden space 133120K, 0% used [0x0000000795580000,0x0000000795580000,0x000000079d780000)
  from space 13824K, 12% used [0x000000079d780000,0x000000079d940070,0x000000079e500000)
  to   space 14336K, 0% used [0x00000007a6780000,0x00000007a6780000,0x00000007a7580000)
 ParOldGen       total 87552K, used 20122K [0x0000000740000000, 0x0000000745580000, 0x0000000795580000)
  object space 87552K, 22% used [0x0000000740000000,0x00000007413a69d0,0x0000000745580000)
 Metaspace       used 20766K, capacity 20987K, committed 21120K, reserved 1069056K
  class space    used 2060K, capacity 2145K, committed 2176K, reserved 1048576K
}
Event: 7.057 GC heap before
{Heap before GC invocations=8 (full 0):
 PSYoungGen      total 146944K, used 134912K [0x0000000795580000, 0x00000007a7580000, 0x00000007c0000000)
  eden space 133120K, 100% used [0x0000000795580000,0x000000079d780000,0x000000079d780000)
  from space 13824K, 12% used [0x000000079d780000,0x000000079d940070,0x000000079e500000)
  to   space 14336K, 0% used [0x00000007a6780000,0x00000007a6780000,0x00000007a7580000)
 ParOldGen       total 87552K, used 20122K [0x0000000740000000, 0x0000000745580000, 0x0000000795580000)
  object space 87552K, 22% used [0x0000000740000000,0x00000007413a69d0,0x0000000745580000)
 Metaspace       used 20804K, capacity 21057K, committed 21120K, reserved 1069056K
  class space    used 2061K, capacity 2146K, committed 2176K, reserved 1048576K
Event: 7.059 GC heap after
Heap after GC invocations=8 (full 0):
 PSYoungGen      total 280064K, used 416K [0x0000000795580000, 0x00000007a7680000, 0x00000007c0000000)
  eden space 265728K, 0% used [0x0000000795580000,0x0000000795580000,0x00000007a5900000)
  from space 14336K, 2% used [0x00000007a6780000,0x00000007a67e8010,0x00000007a7580000)
  to   space 14848K, 0% used [0x00000007a5900000,0x00000007a5900000,0x00000007a6780000)
 ParOldGen       total 87552K, used 21494K [0x0000000740000000, 0x0000000745580000, 0x0000000795580000)
  object space 87552K, 24% used [0x0000000740000000,0x00000007414fda60,0x0000000745580000)
 Metaspace       used 20804K, capacity 21057K, committed 21120K, reserved 1069056K
  class space    used 2061K, capacity 2146K, committed 2176K, reserved 1048576K
}
Event: 7.864 GC heap before
{Heap before GC invocations=9 (full 0):
 PSYoungGen      total 280064K, used 266144K [0x0000000795580000, 0x00000007a7680000, 0x00000007c0000000)
  eden space 265728K, 100% used [0x0000000795580000,0x00000007a5900000,0x00000007a5900000)
  from space 14336K, 2% used [0x00000007a6780000,0x00000007a67e8010,0x00000007a7580000)
  to   space 14848K, 0% used [0x00000007a5900000,0x00000007a5900000,0x00000007a6780000)
 ParOldGen       total 87552K, used 21494K [0x0000000740000000, 0x0000000745580000, 0x0000000795580000)
  object space 87552K, 24% used [0x0000000740000000,0x00000007414fda60,0x0000000745580000)
 Metaspace       used 20846K, capacity 21057K, committed 21120K, reserved 1069056K
  class space    used 2061K, capacity 2146K, committed 2176K, reserved 1048576K
Event: 7.865 GC heap after
Heap after GC invocations=9 (full 0):
 PSYoungGen      total 280576K, used 192K [0x0000000795580000, 0x00000007b1200000, 0x00000007c0000000)
  eden space 265728K, 0% used [0x0000000795580000,0x0000000795580000,0x00000007a5900000)
  from space 14848K, 1% used [0x00000007a5900000,0x00000007a5930000,0x00000007a6780000)
  to   space 14848K, 0% used [0x00000007b0380000,0x00000007b0380000,0x00000007b1200000)
 ParOldGen       total 87552K, used 21814K [0x0000000740000000, 0x0000000745580000, 0x0000000795580000)
  object space 87552K, 24% used [0x0000000740000000,0x000000074154da70,0x0000000745580000)
 Metaspace       used 20846K, capacity 21057K, committed 21120K, reserved 1069056K
  class space    used 2061K, capacity 2146K, committed 2176K, reserved 1048576K
}
Event: 8.665 GC heap before
{Heap before GC invocations=10 (full 0):
 PSYoungGen      total 280576K, used 265920K [0x0000000795580000, 0x00000007b1200000, 0x00000007c0000000)
  eden space 265728K, 100% used [0x0000000795580000,0x00000007a5900000,0x00000007a5900000)
  from space 14848K, 1% used [0x00000007a5900000,0x00000007a5930000,0x00000007a6780000)
  to   space 14848K, 0% used [0x00000007b0380000,0x00000007b0380000,0x00000007b1200000)
 ParOldGen       total 87552K, used 21814K [0x0000000740000000, 0x0000000745580000, 0x0000000795580000)
  object space 87552K, 24% used [0x0000000740000000,0x000000074154da70,0x0000000745580000)
 Metaspace       used 20912K, capacity 21121K, committed 21296K, reserved 1069056K
  class space    used 2061K, capacity 2146K, committed 2176K, reserved 1048576K
Event: 8.666 GC heap after
Heap after GC invocations=10 (full 0):
 PSYoungGen      total 254464K, used 128K [0x0000000795580000, 0x00000007b0400000, 0x00000007c0000000)
  eden space 253952K, 0% used [0x0000000795580000,0x0000000795580000,0x00000007a4d80000)
  from space 512K, 25% used [0x00000007b0380000,0x00000007b03a0000,0x00000007b0400000)
  to   space 14848K, 0% used [0x00000007ae700000,0x00000007ae700000,0x00000007af580000)
 ParOldGen       total 87552K, used 21854K [0x0000000740000000, 0x0000000745580000, 0x0000000795580000)
  object space 87552K, 24% used [0x0000000740000000,0x0000000741557a70,0x0000000745580000)
 Metaspace       used 20912K, capacity 21121K, committed 21296K, reserved 1069056K
  class space    used 2061K, capacity 2146K, committed 2176K, reserved 1048576K
}
Event: 9.457 GC heap before
{Heap before GC invocations=11 (full 0):
 PSYoungGen      total 254464K, used 254080K [0x0000000795580000, 0x00000007b0400000, 0x00000007c0000000)
  eden space 253952K, 100% used [0x0000000795580000,0x00000007a4d80000,0x00000007a4d80000)
  from space 512K, 25% used [0x00000007b0380000,0x00000007b03a0000,0x00000007b0400000)
  to   space 14848K, 0% used [0x00000007ae700000,0x00000007ae700000,0x00000007af580000)
 ParOldGen       total 87552K, used 21854K [0x0000000740000000, 0x0000000745580000, 0x0000000795580000)
  object space 87552K, 24% used [0x0000000740000000,0x0000000741557a70,0x0000000745580000)
 Metaspace       used 20946K, capacity 21185K, committed 21296K, reserved 1069056K
  class space    used 2061K, capacity 2146K, committed 2176K, reserved 1048576K
Event: 9.458 GC heap after
Heap after GC invocations=11 (full 0):
 PSYoungGen      total 258048K, used 96K [0x0000000795580000, 0x00000007b0400000, 0x00000007c0000000)
  eden space 243200K, 0% used [0x0000000795580000,0x0000000795580000,0x00000007a4300000)
  from space 14848K, 0% used [0x00000007ae700000,0x00000007ae718000,0x00000007af580000)
  to   space 14848K, 0% used [0x00000007af580000,0x00000007af580000,0x00000007b0400000)
 ParOldGen       total 87552K, used 21878K [0x0000000740000000, 0x0000000745580000, 0x0000000795580000)
  object space 87552K, 24% used [0x0000000740000000,0x000000074155da70,0x0000000745580000)
 Metaspace       used 20946K, capacity 21185K, committed 21296K, reserved 1069056K
  class space    used 2061K, capacity 2146K, committed 2176K, reserved 1048576K
}

