# JRE version: Java(TM) SE Runtime Environment (8.0_73-b02) (build 1.8.0_73-b02)
# Java VM: Java HotSpot(TM) 64-Bit Server VM (25.73-b02 mixed mode bsd-amd64 compressed oops)
Heap:
 PSYoungGen      total 245760K, used 144970K [0x0000000795580000, 0x00000007a7980000, 0x00000007c0000000)
  eden space 233984K, 61% used [0x0000000795580000,0x000000079e2f2920,0x00000007a3a00000)
  from space 11776K, 1% used [0x00000007a6280000,0x00000007a62a0000,0x00000007a6e00000)
  to   space 11776K, 0% used [0x00000007a6e00000,0x00000007a6e00000,0x00000007a7980000)
 ParOldGen       total 73216K, used 34718K [0x0000000740000000, 0x0000000744780000, 0x0000000795580000)
  object space 73216K, 47% used [0x0000000740000000,0x00000007421e7a70,0x0000000744780000)
 Metaspace       used 21383K, capacity 21573K, committed 21808K, reserved 1069056K
  class space    used 2067K, capacity 2146K, committed 2176K, reserved 1048576K
GC Heap History (10 events):
Event: 24.249 GC heap before
{Heap before GC invocations=44 (full 1):
 PSYoungGen      total 235008K, used 229792K [0x0000000795580000, 0x00000007a4780000, 0x00000007c0000000)
  eden space 223232K, 100% used [0x0000000795580000,0x00000007a2f80000,0x00000007a2f80000)
  from space 11776K, 55% used [0x00000007a3c00000,0x00000007a4268190,0x00000007a4780000)
  to   space 12288K, 0% used [0x00000007a2f80000,0x00000007a2f80000,0x00000007a3b80000)
 ParOldGen       total 73216K, used 28222K [0x0000000740000000, 0x0000000744780000, 0x0000000795580000)
  object space 73216K, 38% used [0x0000000740000000,0x0000000741b8f8e0,0x0000000744780000)
 Metaspace       used 21342K, capacity 21573K, committed 21808K, reserved 1069056K
  class space    used 2059K, capacity 2146K, committed 2176K, reserved 1048576K
Event: 24.253 GC heap after
Heap after GC invocations=44 (full 1):
 PSYoungGen      total 235520K, used 6592K [0x0000000795580000, 0x00000007a6700000, 0x00000007c0000000)
  eden space 223232K, 0% used [0x0000000795580000,0x0000000795580000,0x00000007a2f80000)
  from space 12288K, 53% used [0x00000007a2f80000,0x00000007a35f0190,0x00000007a3b80000)
  to   space 12288K, 0% used [0x00000007a5b00000,0x00000007a5b00000,0x00000007a6700000)
 ParOldGen       total 73216K, used 28246K [0x0000000740000000, 0x0000000744780000, 0x0000000795580000)
  object space 73216K, 38% used [0x0000000740000000,0x0000000741b958e0,0x0000000744780000)
 Metaspace       used 21342K, capacity 21573K, committed 21808K, reserved 1069056K
  class space    used 2059K, capacity 2146K, committed 2176K, reserved 1048576K
}
Event: 24.951 GC heap before
{Heap before GC invocations=45 (full 1):
 PSYoungGen      total 235520K, used 229824K [0x0000000795580000, 0x00000007a6700000, 0x00000007c0000000)
  eden space 223232K, 100% used [0x0000000795580000,0x00000007a2f80000,0x00000007a2f80000)
  from space 12288K, 53% used [0x00000007a2f80000,0x00000007a35f0190,0x00000007a3b80000)
  to   space 12288K, 0% used [0x00000007a5b00000,0x00000007a5b00000,0x00000007a6700000)
 ParOldGen       total 73216K, used 28246K [0x0000000740000000, 0x0000000744780000, 0x0000000795580000)
  object space 73216K, 38% used [0x0000000740000000,0x0000000741b958e0,0x0000000744780000)
 Metaspace       used 21342K, capacity 21573K, committed 21808K, reserved 1069056K
  class space    used 2059K, capacity 2146K, committed 2176K, reserved 1048576K
Event: 24.955 GC heap after
Heap after GC invocations=45 (full 1):
 PSYoungGen      total 264704K, used 1152K [0x0000000795580000, 0x00000007a6580000, 0x00000007c0000000)
  eden space 253952K, 0% used [0x0000000795580000,0x0000000795580000,0x00000007a4d80000)
  from space 10752K, 10% used [0x00000007a5b00000,0x00000007a5c20040,0x00000007a6580000)
  to   space 12288K, 0% used [0x00000007a4d80000,0x00000007a4d80000,0x00000007a5980000)
 ParOldGen       total 73216K, used 33654K [0x0000000740000000, 0x0000000744780000, 0x0000000795580000)
  object space 73216K, 45% used [0x0000000740000000,0x00000007420dda30,0x0000000744780000)
 Metaspace       used 21342K, capacity 21573K, committed 21808K, reserved 1069056K
  class space    used 2059K, capacity 2146K, committed 2176K, reserved 1048576K
}
Event: 25.729 GC heap before
{Heap before GC invocations=46 (full 1):
 PSYoungGen      total 264704K, used 255104K [0x0000000795580000, 0x00000007a6580000, 0x00000007c0000000)
  eden space 253952K, 100% used [0x0000000795580000,0x00000007a4d80000,0x00000007a4d80000)
  from space 10752K, 10% used [0x00000007a5b00000,0x00000007a5c20040,0x00000007a6580000)
  to   space 12288K, 0% used [0x00000007a4d80000,0x00000007a4d80000,0x00000007a5980000)
 ParOldGen       total 73216K, used 33654K [0x0000000740000000, 0x0000000744780000, 0x0000000795580000)
  object space 73216K, 45% used [0x0000000740000000,0x00000007420dda30,0x0000000744780000)
 Metaspace       used 21342K, capacity 21573K, committed 21808K, reserved 1069056K
  class space    used 2059K, capacity 2146K, committed 2176K, reserved 1048576K
Event: 25.730 GC heap after
Heap after GC invocations=46 (full 1):
 PSYoungGen      total 266240K, used 128K [0x0000000795580000, 0x00000007a8500000, 0x00000007c0000000)
  eden space 253952K, 0% used [0x0000000795580000,0x0000000795580000,0x00000007a4d80000)
  from space 12288K, 1% used [0x00000007a4d80000,0x00000007a4da0000,0x00000007a5980000)
  to   space 12288K, 0% used [0x00000007a7900000,0x00000007a7900000,0x00000007a8500000)
 ParOldGen       total 73216K, used 34710K [0x0000000740000000, 0x0000000744780000, 0x0000000795580000)
  object space 73216K, 47% used [0x0000000740000000,0x00000007421e5a70,0x0000000744780000)
 Metaspace       used 21342K, capacity 21573K, committed 21808K, reserved 1069056K
  class space    used 2059K, capacity 2146K, committed 2176K, reserved 1048576K
}
Event: 26.498 GC heap before
{Heap before GC invocations=47 (full 1):
 PSYoungGen      total 266240K, used 254080K [0x0000000795580000, 0x00000007a8500000, 0x00000007c0000000)
  eden space 253952K, 100% used [0x0000000795580000,0x00000007a4d80000,0x00000007a4d80000)
  from space 12288K, 1% used [0x00000007a4d80000,0x00000007a4da0000,0x00000007a5980000)
  to   space 12288K, 0% used [0x00000007a7900000,0x00000007a7900000,0x00000007a8500000)
 ParOldGen       total 73216K, used 34710K [0x0000000740000000, 0x0000000744780000, 0x0000000795580000)
  object space 73216K, 47% used [0x0000000740000000,0x00000007421e5a70,0x0000000744780000)
 Metaspace       used 21342K, capacity 21573K, committed 21808K, reserved 1069056K
  class space    used 2059K, capacity 2146K, committed 2176K, reserved 1048576K
Event: 26.500 GC heap after
Heap after GC invocations=47 (full 1):
 PSYoungGen      total 244224K, used 128K [0x0000000795580000, 0x00000007a7980000, 0x00000007c0000000)
  eden space 243712K, 0% used [0x0000000795580000,0x0000000795580000,0x00000007a4380000)
  from space 512K, 25% used [0x00000007a7900000,0x00000007a7920000,0x00000007a7980000)
  to   space 11776K, 0% used [0x00000007a6280000,0x00000007a6280000,0x00000007a6e00000)
 ParOldGen       total 73216K, used 34718K [0x0000000740000000, 0x0000000744780000, 0x0000000795580000)
  object space 73216K, 47% used [0x0000000740000000,0x00000007421e7a70,0x0000000744780000)
 Metaspace       used 21342K, capacity 21573K, committed 21808K, reserved 1069056K
  class space    used 2059K, capacity 2146K, committed 2176K, reserved 1048576K
}
Event: 27.253 GC heap before
{Heap before GC invocations=48 (full 1):
 PSYoungGen      total 244224K, used 243840K [0x0000000795580000, 0x00000007a7980000, 0x00000007c0000000)
  eden space 243712K, 100% used [0x0000000795580000,0x00000007a4380000,0x00000007a4380000)
  from space 512K, 25% used [0x00000007a7900000,0x00000007a7920000,0x00000007a7980000)
  to   space 11776K, 0% used [0x00000007a6280000,0x00000007a6280000,0x00000007a6e00000)
 ParOldGen       total 73216K, used 34718K [0x0000000740000000, 0x0000000744780000, 0x0000000795580000)
  object space 73216K, 47% used [0x0000000740000000,0x00000007421e7a70,0x0000000744780000)
 Metaspace       used 21347K, capacity 21573K, committed 21808K, reserved 1069056K
  class space    used 2059K, capacity 2146K, committed 2176K, reserved 1048576K
Event: 27.254 GC heap after
Heap after GC invocations=48 (full 1):
 PSYoungGen      total 245760K, used 128K [0x0000000795580000, 0x00000007a7980000, 0x00000007c0000000)
  eden space 233984K, 0% used [0x0000000795580000,0x0000000795580000,0x00000007a3a00000)
  from space 11776K, 1% used [0x00000007a6280000,0x00000007a62a0000,0x00000007a6e00000)
  to   space 11776K, 0% used [0x00000007a6e00000,0x00000007a6e00000,0x00000007a7980000)
 ParOldGen       total 73216K, used 34718K [0x0000000740000000, 0x0000000744780000, 0x0000000795580000)
  object space 73216K, 47% used [0x0000000740000000,0x00000007421e7a70,0x0000000744780000)
 Metaspace       used 21347K, capacity 21573K, committed 21808K, reserved 1069056K
  class space    used 2059K, capacity 2146K, committed 2176K, reserved 1048576K
}

