# JRE version: Java(TM) SE Runtime Environment (8.0_73-b02) (build 1.8.0_73-b02)
# Java VM: Java HotSpot(TM) 64-Bit Server VM (25.73-b02 mixed mode bsd-amd64 compressed oops)
Heap:
 PSYoungGen      total 209408K, used 182515K [0x0000000795580000, 0x00000007ab680000, 0x00000007c0000000)
  eden space 99328K, 86% used [0x0000000795580000,0x000000079a9375b0,0x000000079b680000)
  from space 110080K, 87% used [0x000000079b680000,0x00000007a15057a0,0x00000007a2200000)
  to   space 122880K, 0% used [0x00000007a3e80000,0x00000007a3e80000,0x00000007ab680000)
 ParOldGen       total 77312K, used 50808K [0x0000000740000000, 0x0000000744b80000, 0x0000000795580000)
  object space 77312K, 65% used [0x0000000740000000,0x000000074319e380,0x0000000744b80000)
 Metaspace       used 22023K, capacity 22277K, committed 22576K, reserved 1069056K
  class space    used 2075K, capacity 2146K, committed 2176K, reserved 1048576K
GC Heap History (10 events):
Event: 80.874 GC heap before
{Heap before GC invocations=20 (full 1):
 PSYoungGen      total 151040K, used 151011K [0x0000000795580000, 0x00000007a3900000, 0x00000007c0000000)
  eden space 97792K, 100% used [0x0000000795580000,0x000000079b500000,0x000000079b500000)
  from space 53248K, 99% used [0x000000079f180000,0x00000007a2578cf0,0x00000007a2580000)
  to   space 61952K, 0% used [0x000000079b500000,0x000000079b500000,0x000000079f180000)
 ParOldGen       total 77312K, used 31931K [0x0000000740000000, 0x0000000744b80000, 0x0000000795580000)
  object space 77312K, 41% used [0x0000000740000000,0x0000000741f2eee0,0x0000000744b80000)
 Metaspace       used 21852K, capacity 22085K, committed 22320K, reserved 1069056K
  class space    used 2067K, capacity 2146K, committed 2176K, reserved 1048576K
Event: 80.892 GC heap after
Heap after GC invocations=20 (full 1):
 PSYoungGen      total 159744K, used 60931K [0x0000000795580000, 0x00000007a4b00000, 0x00000007c0000000)
  eden space 97792K, 0% used [0x0000000795580000,0x0000000795580000,0x000000079b500000)
  from space 61952K, 98% used [0x000000079b500000,0x000000079f080ed0,0x000000079f180000)
  to   space 71168K, 0% used [0x00000007a0580000,0x00000007a0580000,0x00000007a4b00000)
 ParOldGen       total 77312K, used 34779K [0x0000000740000000, 0x0000000744b80000, 0x0000000795580000)
  object space 77312K, 44% used [0x0000000740000000,0x00000007421f6f90,0x0000000744b80000)
 Metaspace       used 21852K, capacity 22085K, committed 22320K, reserved 1069056K
  class space    used 2067K, capacity 2146K, committed 2176K, reserved 1048576K
}
Event: 83.493 GC heap before
{Heap before GC invocations=21 (full 1):
 PSYoungGen      total 159744K, used 158723K [0x0000000795580000, 0x00000007a4b00000, 0x00000007c0000000)
  eden space 97792K, 100% used [0x0000000795580000,0x000000079b500000,0x000000079b500000)
  from space 61952K, 98% used [0x000000079b500000,0x000000079f080ed0,0x000000079f180000)
  to   space 71168K, 0% used [0x00000007a0580000,0x00000007a0580000,0x00000007a4b00000)
 ParOldGen       total 77312K, used 34779K [0x0000000740000000, 0x0000000744b80000, 0x0000000795580000)
  object space 77312K, 44% used [0x0000000740000000,0x00000007421f6f90,0x0000000744b80000)
 Metaspace       used 21944K, capacity 22149K, committed 22320K, reserved 1069056K
  class space    used 2067K, capacity 2146K, committed 2176K, reserved 1048576K
Event: 83.526 GC heap after
Heap after GC invocations=21 (full 1):
 PSYoungGen      total 168960K, used 71131K [0x0000000795580000, 0x00000007a6580000, 0x00000007c0000000)
  eden space 97792K, 0% used [0x0000000795580000,0x0000000795580000,0x000000079b500000)
  from space 71168K, 99% used [0x00000007a0580000,0x00000007a4af6d88,0x00000007a4b00000)
  to   space 82432K, 0% used [0x000000079b500000,0x000000079b500000,0x00000007a0580000)
 ParOldGen       total 77312K, used 43228K [0x0000000740000000, 0x0000000744b80000, 0x0000000795580000)
  object space 77312K, 55% used [0x0000000740000000,0x0000000742a371a0,0x0000000744b80000)
 Metaspace       used 21944K, capacity 22149K, committed 22320K, reserved 1069056K
  class space    used 2067K, capacity 2146K, committed 2176K, reserved 1048576K
}
Event: 87.248 GC heap before
{Heap before GC invocations=22 (full 1):
 PSYoungGen      total 168960K, used 168730K [0x0000000795580000, 0x00000007a6580000, 0x00000007c0000000)
  eden space 97792K, 99% used [0x0000000795580000,0x000000079b4cfe48,0x000000079b500000)
  from space 71168K, 99% used [0x00000007a0580000,0x00000007a4af6d88,0x00000007a4b00000)
  to   space 82432K, 0% used [0x000000079b500000,0x000000079b500000,0x00000007a0580000)
 ParOldGen       total 77312K, used 43228K [0x0000000740000000, 0x0000000744b80000, 0x0000000795580000)
  object space 77312K, 55% used [0x0000000740000000,0x0000000742a371a0,0x0000000744b80000)
 Metaspace       used 21955K, capacity 22149K, committed 22320K, reserved 1069056K
  class space    used 2067K, capacity 2146K, committed 2176K, reserved 1048576K
Event: 87.274 GC heap after
Heap after GC invocations=22 (full 1):
 PSYoungGen      total 180224K, used 82309K [0x0000000795580000, 0x00000007a7f00000, 0x00000007c0000000)
  eden space 97792K, 0% used [0x0000000795580000,0x0000000795580000,0x000000079b500000)
  from space 82432K, 99% used [0x000000079b500000,0x00000007a0561420,0x00000007a0580000)
  to   space 95232K, 0% used [0x00000007a2200000,0x00000007a2200000,0x00000007a7f00000)
 ParOldGen       total 77312K, used 48168K [0x0000000740000000, 0x0000000744b80000, 0x0000000795580000)
  object space 77312K, 62% used [0x0000000740000000,0x0000000742f0a2e0,0x0000000744b80000)
 Metaspace       used 21955K, capacity 22149K, committed 22320K, reserved 1069056K
  class space    used 2067K, capacity 2146K, committed 2176K, reserved 1048576K
}
Event: 91.682 GC heap before
{Heap before GC invocations=23 (full 1):
 PSYoungGen      total 180224K, used 180101K [0x0000000795580000, 0x00000007a7f00000, 0x00000007c0000000)
  eden space 97792K, 100% used [0x0000000795580000,0x000000079b500000,0x000000079b500000)
  from space 82432K, 99% used [0x000000079b500000,0x00000007a0561420,0x00000007a0580000)
  to   space 95232K, 0% used [0x00000007a2200000,0x00000007a2200000,0x00000007a7f00000)
 ParOldGen       total 77312K, used 48168K [0x0000000740000000, 0x0000000744b80000, 0x0000000795580000)
  object space 77312K, 62% used [0x0000000740000000,0x0000000742f0a2e0,0x0000000744b80000)
 Metaspace       used 21955K, capacity 22149K, committed 22320K, reserved 1069056K
  class space    used 2067K, capacity 2146K, committed 2176K, reserved 1048576K
Event: 91.719 GC heap after
Heap after GC invocations=23 (full 1):
 PSYoungGen      total 194560K, used 93061K [0x0000000795580000, 0x00000007a9d00000, 0x00000007c0000000)
  eden space 99328K, 0% used [0x0000000795580000,0x0000000795580000,0x000000079b680000)
  from space 95232K, 97% used [0x00000007a2200000,0x00000007a7ce16a0,0x00000007a7f00000)
  to   space 110080K, 0% used [0x000000079b680000,0x000000079b680000,0x00000007a2200000)
 ParOldGen       total 77312K, used 50768K [0x0000000740000000, 0x0000000744b80000, 0x0000000795580000)
  object space 77312K, 65% used [0x0000000740000000,0x0000000743194380,0x0000000744b80000)
 Metaspace       used 21955K, capacity 22149K, committed 22320K, reserved 1069056K
  class space    used 2067K, capacity 2146K, committed 2176K, reserved 1048576K
}
Event: 98.315 GC heap before
{Heap before GC invocations=24 (full 1):
 PSYoungGen      total 194560K, used 192389K [0x0000000795580000, 0x00000007a9d00000, 0x00000007c0000000)
  eden space 99328K, 100% used [0x0000000795580000,0x000000079b680000,0x000000079b680000)
  from space 95232K, 97% used [0x00000007a2200000,0x00000007a7ce16a0,0x00000007a7f00000)
  to   space 110080K, 0% used [0x000000079b680000,0x000000079b680000,0x00000007a2200000)
 ParOldGen       total 77312K, used 50768K [0x0000000740000000, 0x0000000744b80000, 0x0000000795580000)
  object space 77312K, 65% used [0x0000000740000000,0x0000000743194380,0x0000000744b80000)
 Metaspace       used 21988K, capacity 22149K, committed 22320K, reserved 1069056K
  class space    used 2067K, capacity 2146K, committed 2176K, reserved 1048576K
Event: 98.337 GC heap after
Heap after GC invocations=24 (full 1):
 PSYoungGen      total 209408K, used 96789K [0x0000000795580000, 0x00000007ab680000, 0x00000007c0000000)
  eden space 99328K, 0% used [0x0000000795580000,0x0000000795580000,0x000000079b680000)
  from space 110080K, 87% used [0x000000079b680000,0x00000007a15057a0,0x00000007a2200000)
  to   space 122880K, 0% used [0x00000007a3e80000,0x00000007a3e80000,0x00000007ab680000)
 ParOldGen       total 77312K, used 50808K [0x0000000740000000, 0x0000000744b80000, 0x0000000795580000)
  object space 77312K, 65% used [0x0000000740000000,0x000000074319e380,0x0000000744b80000)
 Metaspace       used 21988K, capacity 22149K, committed 22320K, reserved 1069056K
  class space    used 2067K, capacity 2146K, committed 2176K, reserved 1048576K
}

