# JRE version: Java(TM) SE Runtime Environment (8.0_73-b02) (build 1.8.0_73-b02)
# Java VM: Java HotSpot(TM) 64-Bit Server VM (25.73-b02 mixed mode bsd-amd64 compressed oops)
Heap:
 PSYoungGen      total 125440K, used 30319K [0x0000000795580000, 0x000000079f080000, 0x00000007c0000000)
  eden space 98304K, 6% used [0x0000000795580000,0x0000000795be3668,0x000000079b580000)
  from space 27136K, 87% used [0x000000079d200000,0x000000079e9385c0,0x000000079ec80000)
  to   space 29184K, 0% used [0x000000079b580000,0x000000079b580000,0x000000079d200000)
 ParOldGen       total 87552K, used 52258K [0x0000000740000000, 0x0000000745580000, 0x0000000795580000)
  object space 87552K, 59% used [0x0000000740000000,0x0000000743308a98,0x0000000745580000)
 Metaspace       used 20932K, capacity 21109K, committed 21296K, reserved 1069056K
  class space    used 2012K, capacity 2080K, committed 2176K, reserved 1048576K
GC Heap History (10 events):
Event: 11.397 GC heap before
{Heap before GC invocations=6 (full 0):
 PSYoungGen      total 37888K, used 37708K [0x0000000795580000, 0x0000000799580000, 0x00000007c0000000)
  eden space 32768K, 99% used [0x0000000795580000,0x000000079755a5d0,0x0000000797580000)
  from space 5120K, 99% used [0x0000000797600000,0x0000000797af8b50,0x0000000797b00000)
  to   space 16384K, 0% used [0x0000000798580000,0x0000000798580000,0x0000000799580000)
 ParOldGen       total 87552K, used 25744K [0x0000000740000000, 0x0000000745580000, 0x0000000795580000)
  object space 87552K, 29% used [0x0000000740000000,0x00000007419242e8,0x0000000745580000)
 Metaspace       used 20583K, capacity 20789K, committed 21120K, reserved 1069056K
  class space    used 2004K, capacity 2080K, committed 2176K, reserved 1048576K
Event: 11.415 GC heap after
Heap after GC invocations=6 (full 0):
 PSYoungGen      total 48128K, used 12195K [0x0000000795580000, 0x0000000799500000, 0x00000007c0000000)
  eden space 32256K, 0% used [0x0000000795580000,0x0000000795580000,0x0000000797500000)
  from space 15872K, 76% used [0x0000000798580000,0x0000000799168d00,0x0000000799500000)
  to   space 16384K, 0% used [0x0000000797500000,0x0000000797500000,0x0000000798500000)
 ParOldGen       total 87552K, used 25752K [0x0000000740000000, 0x0000000745580000, 0x0000000795580000)
  object space 87552K, 29% used [0x0000000740000000,0x00000007419262e8,0x0000000745580000)
 Metaspace       used 20583K, capacity 20789K, committed 21120K, reserved 1069056K
  class space    used 2004K, capacity 2080K, committed 2176K, reserved 1048576K
}
Event: 12.246 GC heap before
{Heap before GC invocations=7 (full 0):
 PSYoungGen      total 48128K, used 44272K [0x0000000795580000, 0x0000000799500000, 0x00000007c0000000)
  eden space 32256K, 99% used [0x0000000795580000,0x00000007974d3548,0x0000000797500000)
  from space 15872K, 76% used [0x0000000798580000,0x0000000799168d00,0x0000000799500000)
  to   space 16384K, 0% used [0x0000000797500000,0x0000000797500000,0x0000000798500000)
 ParOldGen       total 87552K, used 25752K [0x0000000740000000, 0x0000000745580000, 0x0000000795580000)
  object space 87552K, 29% used [0x0000000740000000,0x00000007419262e8,0x0000000745580000)
 Metaspace       used 20618K, capacity 20789K, committed 21120K, reserved 1069056K
  class space    used 2004K, capacity 2080K, committed 2176K, reserved 1048576K
Event: 12.259 GC heap after
Heap after GC invocations=7 (full 0):
 PSYoungGen      total 48640K, used 15456K [0x0000000795580000, 0x000000079b880000, 0x00000007c0000000)
  eden space 32256K, 0% used [0x0000000795580000,0x0000000795580000,0x0000000797500000)
  from space 16384K, 94% used [0x0000000797500000,0x00000007984183c0,0x0000000798500000)
  to   space 18432K, 0% used [0x000000079a680000,0x000000079a680000,0x000000079b880000)
 ParOldGen       total 87552K, used 29289K [0x0000000740000000, 0x0000000745580000, 0x0000000795580000)
  object space 87552K, 33% used [0x0000000740000000,0x0000000741c9a508,0x0000000745580000)
 Metaspace       used 20618K, capacity 20789K, committed 21120K, reserved 1069056K
  class space    used 2004K, capacity 2080K, committed 2176K, reserved 1048576K
}
Event: 13.055 GC heap before
{Heap before GC invocations=8 (full 0):
 PSYoungGen      total 48640K, used 47514K [0x0000000795580000, 0x000000079b880000, 0x00000007c0000000)
  eden space 32256K, 99% used [0x0000000795580000,0x00000007974ce708,0x0000000797500000)
  from space 16384K, 94% used [0x0000000797500000,0x00000007984183c0,0x0000000798500000)
  to   space 18432K, 0% used [0x000000079a680000,0x000000079a680000,0x000000079b880000)
 ParOldGen       total 87552K, used 29289K [0x0000000740000000, 0x0000000745580000, 0x0000000795580000)
  object space 87552K, 33% used [0x0000000740000000,0x0000000741c9a508,0x0000000745580000)
 Metaspace       used 20743K, capacity 20917K, committed 21120K, reserved 1069056K
  class space    used 2004K, capacity 2080K, committed 2176K, reserved 1048576K
Event: 13.068 GC heap after
Heap after GC invocations=8 (full 0):
 PSYoungGen      total 80896K, used 18326K [0x0000000795580000, 0x000000079bc80000, 0x00000007c0000000)
  eden space 62464K, 0% used [0x0000000795580000,0x0000000795580000,0x0000000799280000)
  from space 18432K, 99% used [0x000000079a680000,0x000000079b865bc8,0x000000079b880000)
  to   space 20480K, 0% used [0x0000000799280000,0x0000000799280000,0x000000079a680000)
 ParOldGen       total 87552K, used 33425K [0x0000000740000000, 0x0000000745580000, 0x0000000795580000)
  object space 87552K, 38% used [0x0000000740000000,0x00000007420a4608,0x0000000745580000)
 Metaspace       used 20743K, capacity 20917K, committed 21120K, reserved 1069056K
  class space    used 2004K, capacity 2080K, committed 2176K, reserved 1048576K
}
Event: 15.064 GC heap before
{Heap before GC invocations=9 (full 0):
 PSYoungGen      total 80896K, used 80618K [0x0000000795580000, 0x000000079bc80000, 0x00000007c0000000)
  eden space 62464K, 99% used [0x0000000795580000,0x0000000799254eb0,0x0000000799280000)
  from space 18432K, 99% used [0x000000079a680000,0x000000079b865bc8,0x000000079b880000)
  to   space 20480K, 0% used [0x0000000799280000,0x0000000799280000,0x000000079a680000)
 ParOldGen       total 87552K, used 33425K [0x0000000740000000, 0x0000000745580000, 0x0000000795580000)
  object space 87552K, 38% used [0x0000000740000000,0x00000007420a4608,0x0000000745580000)
 Metaspace       used 20778K, capacity 20981K, committed 21120K, reserved 1069056K
  class space    used 2004K, capacity 2080K, committed 2176K, reserved 1048576K
Event: 15.085 GC heap after
Heap after GC invocations=9 (full 0):
 PSYoungGen      total 82944K, used 20449K [0x0000000795580000, 0x000000079ec80000, 0x00000007c0000000)
  eden space 62464K, 0% used [0x0000000795580000,0x0000000795580000,0x0000000799280000)
  from space 20480K, 99% used [0x0000000799280000,0x000000079a6784f0,0x000000079a680000)
  to   space 27136K, 0% used [0x000000079d200000,0x000000079d200000,0x000000079ec80000)
 ParOldGen       total 87552K, used 43498K [0x0000000740000000, 0x0000000745580000, 0x0000000795580000)
  object space 87552K, 49% used [0x0000000740000000,0x0000000742a7a878,0x0000000745580000)
 Metaspace       used 20778K, capacity 20981K, committed 21120K, reserved 1069056K
  class space    used 2004K, capacity 2080K, committed 2176K, reserved 1048576K
}
Event: 16.748 GC heap before
{Heap before GC invocations=10 (full 0):
 PSYoungGen      total 82944K, used 82913K [0x0000000795580000, 0x000000079ec80000, 0x00000007c0000000)
  eden space 62464K, 100% used [0x0000000795580000,0x0000000799280000,0x0000000799280000)
  from space 20480K, 99% used [0x0000000799280000,0x000000079a6784f0,0x000000079a680000)
  to   space 27136K, 0% used [0x000000079d200000,0x000000079d200000,0x000000079ec80000)
 ParOldGen       total 87552K, used 43498K [0x0000000740000000, 0x0000000745580000, 0x0000000795580000)
  object space 87552K, 49% used [0x0000000740000000,0x0000000742a7a878,0x0000000745580000)
 Metaspace       used 20894K, capacity 21109K, committed 21296K, reserved 1069056K
  class space    used 2004K, capacity 2080K, committed 2176K, reserved 1048576K
Event: 16.776 GC heap after
Heap after GC invocations=10 (full 0):
 PSYoungGen      total 125440K, used 23777K [0x0000000795580000, 0x000000079f080000, 0x00000007c0000000)
  eden space 98304K, 0% used [0x0000000795580000,0x0000000795580000,0x000000079b580000)
  from space 27136K, 87% used [0x000000079d200000,0x000000079e9385c0,0x000000079ec80000)
  to   space 29184K, 0% used [0x000000079b580000,0x000000079b580000,0x000000079d200000)
 ParOldGen       total 87552K, used 52258K [0x0000000740000000, 0x0000000745580000, 0x0000000795580000)
  object space 87552K, 59% used [0x0000000740000000,0x0000000743308a98,0x0000000745580000)
 Metaspace       used 20894K, capacity 21109K, committed 21296K, reserved 1069056K
  class space    used 2004K, capacity 2080K, committed 2176K, reserved 1048576K
}

